\BOOKMARK [1][-]{section.1}{\376\377\152\041\127\213\147\204\136\372}{}% 1
\BOOKMARK [2][-]{subsection.1.1}{\376\377\123\330\221\317\116\016\123\125\117\115}{section.1}% 2
\BOOKMARK [2][-]{subsection.1.2}{\376\377\123\237\131\313\116\011\211\322\155\062\145\066\166\312\143\007\145\160\377\010\116\015\213\241\145\366\225\364\142\020\147\054\377\011}{section.1}% 3
\BOOKMARK [2][-]{subsection.1.3}{\376\377\122\240\121\145\145\366\225\364\142\020\147\054\166\204\117\356\153\143\152\041\127\213}{section.1}% 4
\BOOKMARK [2][-]{subsection.1.4}{\376\377\143\007\150\007\137\142\137\017\133\371\153\324\116\016\220\011\142\351\164\006\165\061}{section.1}% 5
\BOOKMARK [1][-]{section.2}{\376\377\173\126\165\145\226\306\124\010\116\016\127\372\121\306\123\302\145\160}{}% 6
\BOOKMARK [2][-]{subsection.2.1}{\376\377\173\126\165\145\133\232\116\111}{section.2}% 7
\BOOKMARK [2][-]{subsection.2.2}{\376\377\127\372\121\306\123\302\145\160\213\276\133\232}{section.2}% 8
\BOOKMARK [1][-]{section.3}{\376\377\213\241\173\227\145\271\154\325\116\016\127\372\121\306\143\222\124\015}{}% 9
\BOOKMARK [2][-]{subsection.3.1}{\376\377\213\241\173\227\153\145\232\244}{section.3}% 10
\BOOKMARK [2][-]{subsection.3.2}{\376\377\127\372\121\306\140\305\137\142\116\013\166\204\143\007\150\007\176\323\147\234\377\010\000=\0001\377\011}{section.3}% 11
\BOOKMARK [1][-]{section.4}{\376\377\140\305\146\157\123\026\214\003\145\164\116\016\173\126\165\145\143\222\124\015\123\330\123\026}{}% 12
\BOOKMARK [2][-]{subsection.4.1}{\376\377\140\305\146\157\213\276\133\232\116\016\136\372\152\041\120\107\213\276}{section.4}% 13
\BOOKMARK [3][-]{subsubsection.4.1.1}{\376\377\140\305\146\157\000\040\000A\377\032\126\372\143\222\221\115\124\010\116\016\142\200\147\057\141\017\213\306\143\320\123\107}{subsection.4.1}% 14
\BOOKMARK [3][-]{subsubsection.4.1.2}{\376\377\140\305\146\157\000\040\000B\377\032\215\046\123\367\137\072\136\246\217\203\117\116\117\106\162\006\163\207\217\203\232\330}{subsection.4.1}% 15
\BOOKMARK [2][-]{subsection.4.2}{\376\377\140\305\146\157\000\040\000A\377\032\163\033\145\073\200\334\163\207\143\320\123\107\000\040\0002\0000\000\045\000\040\166\204\137\161\124\315}{section.4}% 16
\BOOKMARK [2][-]{subsection.4.3}{\376\377\140\305\146\157\000\040\000B\377\032\176\335\133\306\215\321\122\000\145\066\166\312\000\040\000+\0005\0000\000\045\377\014\144\244\171\273\163\207\000\040\000+\0001\0000\000\045\000\040\166\204\137\161\124\315}{section.4}% 17
\BOOKMARK [2][-]{subsection.4.4}{\376\377\143\222\124\015\123\330\123\026\166\204\145\164\117\123\134\017\176\323}{section.4}% 18
\BOOKMARK [1][-]{section.5}{\376\377\145\366\225\364\142\020\147\054\123\302\145\160\000\040\000\040\166\204\145\117\141\037\140\047\122\006\147\220}{}% 19
\BOOKMARK [2][-]{subsection.5.1}{\376\377\116\000\202\054\137\142\137\017}{section.5}% 20
\BOOKMARK [2][-]{subsection.5.2}{\376\377\146\156\220\032\176\317\155\116\133\146\116\016\131\047\127\135\220\037\144\244\166\204\116\244\160\271}{section.5}% 21
\BOOKMARK [2][-]{subsection.5.3}{\376\377\140\073\117\123\150\074\134\100}{section.5}% 22
\BOOKMARK [1][-]{section.6}{\376\377\230\316\226\151\116\016\162\075\136\246\166\204\142\151\134\125\150\106\147\266}{}% 23
\BOOKMARK [2][-]{subsection.6.1}{\376\377\230\316\226\151\116\016\170\064\116\247\151\202\163\207}{section.6}% 24
\BOOKMARK [2][-]{subsection.6.2}{\376\377\162\075\136\246\040\023\176\317\155\116\145\110\163\207\123\314\166\356\150\007}{section.6}% 25
\BOOKMARK [1][-]{section.7}{\376\377\176\323\213\272\116\016\134\125\147\033}{}% 26
\BOOKMARK [2][-]{subsection.7.1}{\376\377\116\073\211\201\176\323\213\272}{section.7}% 27
\BOOKMARK [2][-]{subsection.7.2}{\376\377\152\041\127\213\134\100\226\120\116\016\124\016\176\355\135\345\117\134}{section.7}% 28
